2024-07-20 02:20:48,089 - app - INFO - Handling request: GET /
2024-07-20 02:20:48,118 - app - INFO - Handling request: GET /static/styles.css
2024-07-20 02:20:48,125 - app - INFO - Handling request: GET /static/script.js
2024-07-20 02:21:15,607 - app - INFO - Handling request: POST /submit_items
2024-07-20 02:21:15,623 - app - INFO - Handling request: POST /print_receipt
2024-07-20 02:23:11,329 - app - INFO - Handling request: GET /
2024-07-20 02:23:11,358 - app - INFO - Handling request: GET /static/styles.css
2024-07-20 02:23:11,359 - app - INFO - Handling request: GET /static/script.js
2024-07-20 02:23:11,551 - app - INFO - Handling request: GET /
2024-07-20 02:23:11,572 - app - INFO - Handling request: GET /static/styles.css
2024-07-20 02:23:11,573 - app - INFO - Handling request: GET /static/script.js
2024-07-20 02:23:25,932 - app - INFO - Handling request: POST /submit_items
2024-07-20 02:23:25,937 - app - INFO - Handling request: POST /print_receipt
2024-07-20 02:28:28,868 - app - INFO - Handling request: GET /
2024-07-20 02:28:28,896 - app - INFO - Handling request: GET /static/styles.css
2024-07-20 02:28:28,899 - app - INFO - Handling request: GET /static/script.js
2024-07-20 02:29:12,954 - app - INFO - Handling request: POST /submit_items
2024-07-20 02:29:12,962 - app - INFO - Handling request: POST /print_receipt
2024-07-20 02:31:45,136 - app - INFO - Handling request: POST /submit_items
2024-07-20 02:31:45,152 - app - INFO - Handling request: POST /print_receipt
2024-07-20 02:33:14,064 - app - INFO - Handling request: POST /submit_items
2024-07-20 02:33:14,069 - app - INFO - Handling request: POST /print_receipt
2024-07-20 02:39:52,662 - app - INFO - Handling request: GET /
2024-07-20 02:39:52,662 - app - INFO - Index page accessed
2024-07-20 02:39:52,685 - app - INFO - Handling request: GET /static/styles.css
2024-07-20 02:39:52,690 - app - INFO - Handling request: GET /static/script.js
2024-07-20 02:40:12,979 - app - INFO - Handling request: POST /submit_items
2024-07-20 02:40:12,994 - app - INFO - Handling request: POST /print_receipt
2024-07-20 02:40:12,996 - app - INFO - Printing receipt...
2024-07-20 02:43:02,608 - app - INFO - Handling request: GET /
2024-07-20 02:43:02,608 - app - INFO - Index page accessed
2024-07-20 02:43:02,642 - app - INFO - Handling request: GET /static/styles.css
2024-07-20 02:43:02,649 - app - INFO - Handling request: GET /static/script.js
2024-07-20 02:45:33,153 - app - INFO - Handling request: GET /
2024-07-20 02:45:33,153 - app - INFO - Index page accessed
2024-07-20 02:45:33,184 - app - INFO - Handling request: GET /static/styles.css
2024-07-20 02:45:33,186 - app - INFO - Handling request: GET /static/script.js
2024-07-20 02:45:59,040 - app - INFO - Handling request: GET /
2024-07-20 02:45:59,040 - app - INFO - Index page accessed
2024-07-20 02:45:59,071 - app - INFO - Handling request: GET /static/styles.css
2024-07-20 02:45:59,073 - app - INFO - Handling request: GET /static/script.js
2024-07-20 02:47:12,756 - app - INFO - Handling request: GET /
2024-07-20 02:47:12,756 - app - INFO - Index page accessed
2024-07-20 02:47:12,788 - app - INFO - Handling request: GET /static/styles.css
2024-07-20 02:47:12,788 - app - INFO - Handling request: GET /static/script.js
2024-07-20 02:52:38,885 - app - INFO - Handling request: GET /
2024-07-20 02:52:38,885 - app - INFO - Index page accessed
2024-07-20 02:52:38,916 - app - INFO - Handling request: GET /static/styles.css
2024-07-20 02:52:38,917 - app - INFO - Handling request: GET /static/script.js
2024-07-20 03:04:43,863 - app - INFO - Handling request: GET /
2024-07-20 03:04:43,863 - app - INFO - Index page accessed
2024-07-20 03:04:43,884 - app - INFO - Handling request: GET /static/styles.css
2024-07-20 03:04:43,884 - app - INFO - Handling request: GET /static/script.js
2024-07-20 03:05:07,002 - app - INFO - Handling request: POST /submit_items
2024-07-20 03:05:07,010 - app - INFO - Handling request: POST /print_receipt

